<?xml version="1.0" encoding="UTF-8"?>
<testsuite name="TestBinary" tests="7" skipped="0" failures="0" errors="0" timestamp="2025-02-14T13:20:19" hostname="codespaces-8fe4de" time="0.066">
  <properties/>
  <testcase name="testBinarySearch_SingleElementArray_TargetFound()" classname="TestBinary" time="0.032"/>
  <testcase name="testBinarySearch_TargetNotFound()" classname="TestBinary" time="0.004"/>
  <testcase name="testBinarySearch_SingleElementArray_TargetNotFound()" classname="TestBinary" time="0.002"/>
  <testcase name="testBinarySearch_TargetAtEnd()" classname="TestBinary" time="0.002"/>
  <testcase name="testBinarySearch_TargetFound()" classname="TestBinary" time="0.001"/>
  <testcase name="testBinarySearch_EmptyArray()" classname="TestBinary" time="0.002"/>
  <testcase name="testBinarySearch_TargetAtStart()" classname="TestBinary" time="0.004"/>
  <system-out><![CDATA[]]></system-out>
  <system-err><![CDATA[]]></system-err>
</testsuite>
