<?xml version="1.0" encoding="UTF-8"?>
<testsuite name="com.example.project.TestRepair" tests="2" skipped="0" failures="0" errors="0" timestamp="2025-02-14T13:20:19" hostname="codespaces-8fe4de" time="0.021">
  <properties/>
  <testcase name="testAddRepairPARTA()" classname="com.example.project.TestRepair" time="0.004"/>
  <testcase name="testAvailableMechanicsPARTB()" classname="com.example.project.TestRepair" time="0.015"/>
  <system-out><![CDATA[[0, 1, 2]
[0, 1, 2]
[0, 1, 2]
[1, 2]
[0, 1, 2]
[2]
[0, 1, 2]
[]
]]></system-out>
  <system-err><![CDATA[]]></system-err>
</testsuite>
